<?xml version="1.0" encoding="UTF-8"?>
<!-- Generated by org.testng.reporters.JUnitXMLReporter -->
<testsuite ignored="2" hostname="LAPTOP-I62PMQJU" failures="1" tests="2" name="Car Loan" time="0.019" errors="0" timestamp="2024-08-15T12:49:17 IST">
  <testcase classname="TNGPkg.Day3" name="LoginAPICarLoan" time="0.001"/>
  <testcase classname="TNGPkg.Day3" name="WebLoginCarLoan" time="0.0">
    <failure type="org.testng.TestNGException" message="
Parameter &amp;apos;URL&amp;apos; is required by @Test on method WebLoginCarLoan but has not been marked @Optional or defined
in D:\Java Programs\TNGJava\testng.xml">
      <![CDATA[org.testng.TestNGException: 
Parameter 'URL' is required by @Test on method WebLoginCarLoan but has not been marked @Optional or defined
in D:\Java Programs\TNGJava\testng.xml
at java.base/java.util.ArrayList.forEach(ArrayList.java:1511)
... Removed 26 stack frames]]>
    </failure>
  </testcase> <!-- WebLoginCarLoan -->
  <testcase classname="TNGPkg.Day3" name="MobileLoginCarLoanCheck" time="0.0">
    <ignored/>
  </testcase> <!-- MobileLoginCarLoanCheck -->
  <testcase classname="TNGPkg.Day3" name="MobileLoginCarLoan" time="0.0">
    <ignored/>
  </testcase> <!-- MobileLoginCarLoan -->
</testsuite> <!-- Car Loan -->
